2020-06-26 17:09:34,726 logger.strlogger - ERROR:Сессия инициализирована!
2020-06-26 17:40:23,834 logger.strlogger - ERROR:hello
2020-06-26 17:52:09,898 logger.strlogger - ERROR:hello
2020-06-26 17:52:09,898 logger.strlogger - ERROR:Exception: 
2020-06-26 17:57:04,081 logger.strlogger - ERROR:hello
2020-06-26 17:57:04,081 logger.strlogger - ERROR:Exception: 
2020-06-26 17:58:20,292 logger.strlogger - ERROR:hello
2020-06-26 17:58:20,293 logger.strlogger - ERROR:Exception, sorry: 
Traceback (most recent call last):
  File "/home/nikonikoni/work/application/api.py", line 159, in get
    c = a/b
ZeroDivisionError: division by zero
2020-06-26 18:00:11,455 logger.strlogger - DEBUG:hello
2020-06-26 18:00:34,186 logger.strlogger - DEBUG:hello
2020-06-26 18:00:34,186 logger.strlogger - ERROR:Exception, sorry: 
Traceback (most recent call last):
  File "/home/nikonikoni/work/application/api.py", line 159, in get
    c = a/b
ZeroDivisionError: division by zero
2020-06-26 18:01:14,358 logger.strlogger - DEBUG:hello
2020-06-26 18:01:14,358 logger.strlogger - DEBUG:Exception, sorry: 
2020-06-26 19:12:49,443 logger.strlogger - DEBUG:hello
2020-06-26 19:12:49,443 logger.strlogger - ERROR:Exception, sorry: 
Traceback (most recent call last):
  File "/home/nikonikoni/work/application/api.py", line 159, in get
    c = a/b
ZeroDivisionError: division by zero
2020-06-26 19:13:34,530 logger.strlogger - DEBUG:hello
2020-06-26 19:13:34,530 logger.strlogger - ERROR:Exception, sorry: 
Traceback (most recent call last):
  File "/home/nikonikoni/work/application/api.py", line 159, in get
    c = a/b
ZeroDivisionError: division by zero
2020-06-26 19:15:53,016 logger.strlogger - DEBUG:hello
2020-06-26 19:15:53,017 logger.strlogger - ERROR:Exception, sorry: 
Traceback (most recent call last):
  File "/home/nikonikoni/work/application/api.py", line 159, in get
    c = a/b
ZeroDivisionError: division by zero
2020-06-26 19:16:41,893 logger.strlogger - DEBUG:hello
2020-06-26 19:16:41,893 logger.strlogger - ERROR:Exception, sorry: 
Traceback (most recent call last):
  File "/home/nikonikoni/work/application/api.py", line 159, in get
    c = a/b
ZeroDivisionError: division by zero
2020-06-26 19:17:48,862 logger.strlogger - DEBUG:hello
2020-06-26 19:17:48,862 logger.strlogger - ERROR:Exception, sorry: 
Traceback (most recent call last):
  File "/home/nikonikoni/work/application/api.py", line 159, in get
    c = a/b
ZeroDivisionError: division by zero
2020-06-26 19:19:14,915 logger.strlogger - DEBUG:hello
2020-06-26 19:19:14,916 logger.strlogger - ERROR:Exception, sorry: 
Traceback (most recent call last):
  File "/home/nikonikoni/work/application/api.py", line 159, in get
    c = a/b
ZeroDivisionError: division by zero
2020-06-26 19:21:31,801 logger.strlogger - DEBUG:hello
2020-06-26 19:21:31,801 logger.strlogger - ERROR:Exception, sorry: 
Traceback (most recent call last):
  File "/home/nikonikoni/work/application/api.py", line 159, in get
    c = a/b
ZeroDivisionError: division by zero
2020-06-26 19:22:13,930 logger.strlogger - DEBUG:hello
2020-06-26 19:22:13,931 logger.strlogger - ERROR:Exception, sorry: 
Traceback (most recent call last):
  File "/home/nikonikoni/work/application/api.py", line 159, in get
    c = a/b
ZeroDivisionError: division by zero
2020-06-26 19:24:32,704 sqlalchemy.engine.base.Engine - INFO:select version()
2020-06-26 19:24:32,704 sqlalchemy.engine.base.Engine - INFO:{}
2020-06-26 19:24:32,706 sqlalchemy.engine.base.Engine - INFO:select current_schema()
2020-06-26 19:24:32,706 sqlalchemy.engine.base.Engine - INFO:{}
2020-06-26 19:24:32,707 sqlalchemy.engine.base.Engine - INFO:SELECT CAST('test plain returns' AS VARCHAR(60)) AS anon_1
2020-06-26 19:24:32,707 sqlalchemy.engine.base.Engine - INFO:{}
2020-06-26 19:24:32,708 sqlalchemy.engine.base.Engine - INFO:SELECT CAST('test unicode returns' AS VARCHAR(60)) AS anon_1
2020-06-26 19:24:32,708 sqlalchemy.engine.base.Engine - INFO:{}
2020-06-26 19:24:32,708 sqlalchemy.engine.base.Engine - INFO:show standard_conforming_strings
2020-06-26 19:24:32,708 sqlalchemy.engine.base.Engine - INFO:{}
2020-06-26 19:24:32,710 sqlalchemy.engine.base.Engine - INFO:select relname from pg_class c join pg_namespace n on n.oid=c.relnamespace where pg_catalog.pg_table_is_visible(c.oid) and relname=%(name)s
2020-06-26 19:24:32,710 sqlalchemy.engine.base.Engine - INFO:{'name': 'LogJournal'}
2020-06-26 19:24:42,847 logger.strlogger - DEBUG:hello
2020-06-26 19:24:42,847 logger.strlogger - ERROR:Exception, sorry: 
Traceback (most recent call last):
  File "/home/nikonikoni/work/application/api.py", line 159, in get
    c = a/b
ZeroDivisionError: division by zero
2020-06-26 19:24:42,855 sqlalchemy.engine.base.Engine - INFO:BEGIN (implicit)
2020-06-26 19:24:42,866 sqlalchemy.engine.base.Engine - INFO:INSERT INTO "LogJournal" (date, module_name, user_name, user_rights, function_name, function_description, function_result_type, message, traceback) VALUES (%(date)s, %(module_name)s, %(user_name)s, %(user_rights)s, %(function_name)s, %(function_description)s, %(function_result_type)s, %(message)s, %(traceback)s) RETURNING "LogJournal".id
2020-06-26 19:24:42,866 sqlalchemy.engine.base.Engine - INFO:{'date': datetime.datetime(2020, 6, 26, 19, 24, 32, 690872), 'module_name': None, 'user_name': None, 'user_rights': None, 'function_name': None, 'function_description': None, 'function_result_type': None, 'message': 'Код не обработан', 'traceback': None}
2020-06-26 19:24:42,867 sqlalchemy.engine.base.Engine - INFO:ROLLBACK
2020-06-26 19:26:53,989 sqlalchemy.engine.base.Engine - INFO:select version()
2020-06-26 19:26:53,989 sqlalchemy.engine.base.Engine - INFO:{}
2020-06-26 19:26:53,991 sqlalchemy.engine.base.Engine - INFO:select current_schema()
2020-06-26 19:26:53,991 sqlalchemy.engine.base.Engine - INFO:{}
2020-06-26 19:26:53,992 sqlalchemy.engine.base.Engine - INFO:SELECT CAST('test plain returns' AS VARCHAR(60)) AS anon_1
2020-06-26 19:26:53,992 sqlalchemy.engine.base.Engine - INFO:{}
2020-06-26 19:26:53,993 sqlalchemy.engine.base.Engine - INFO:SELECT CAST('test unicode returns' AS VARCHAR(60)) AS anon_1
2020-06-26 19:26:53,993 sqlalchemy.engine.base.Engine - INFO:{}
2020-06-26 19:26:53,994 sqlalchemy.engine.base.Engine - INFO:show standard_conforming_strings
2020-06-26 19:26:53,994 sqlalchemy.engine.base.Engine - INFO:{}
2020-06-26 19:26:53,996 sqlalchemy.engine.base.Engine - INFO:select relname from pg_class c join pg_namespace n on n.oid=c.relnamespace where pg_catalog.pg_table_is_visible(c.oid) and relname=%(name)s
2020-06-26 19:26:53,996 sqlalchemy.engine.base.Engine - INFO:{'name': 'LogJournal'}
2020-06-26 19:26:56,947 logger.strlogger - DEBUG:hello
2020-06-26 19:26:56,947 logger.strlogger - ERROR:Exception, sorry: 
Traceback (most recent call last):
  File "/home/nikonikoni/work/application/api.py", line 159, in get
    c = a/b
ZeroDivisionError: division by zero
2020-06-26 19:26:56,955 sqlalchemy.engine.base.Engine - INFO:BEGIN (implicit)
2020-06-26 19:26:56,959 sqlalchemy.engine.base.Engine - INFO:INSERT INTO "LogJournal" (date, module_name, user_name, user_rights, function_name, function_description, function_result_type, message, traceback) VALUES (%(date)s, %(module_name)s, %(user_name)s, %(user_rights)s, %(function_name)s, %(function_description)s, %(function_result_type)s, %(message)s, %(traceback)s) RETURNING "LogJournal".id
2020-06-26 19:26:56,960 sqlalchemy.engine.base.Engine - INFO:{'date': datetime.datetime(2020, 6, 26, 19, 26, 53, 976849), 'module_name': None, 'user_name': None, 'user_rights': None, 'function_name': None, 'function_description': None, 'function_result_type': None, 'message': 'Код не обработан', 'traceback': None}
2020-06-26 19:26:56,962 sqlalchemy.engine.base.Engine - INFO:ROLLBACK
2020-06-26 19:30:55,145 sqlalchemy.engine.base.Engine - INFO:select version()
2020-06-26 19:30:55,145 sqlalchemy.engine.base.Engine - INFO:{}
2020-06-26 19:30:55,147 sqlalchemy.engine.base.Engine - INFO:select current_schema()
2020-06-26 19:30:55,147 sqlalchemy.engine.base.Engine - INFO:{}
2020-06-26 19:30:55,149 sqlalchemy.engine.base.Engine - INFO:SELECT CAST('test plain returns' AS VARCHAR(60)) AS anon_1
2020-06-26 19:30:55,149 sqlalchemy.engine.base.Engine - INFO:{}
2020-06-26 19:30:55,150 sqlalchemy.engine.base.Engine - INFO:SELECT CAST('test unicode returns' AS VARCHAR(60)) AS anon_1
2020-06-26 19:30:55,150 sqlalchemy.engine.base.Engine - INFO:{}
2020-06-26 19:30:55,150 sqlalchemy.engine.base.Engine - INFO:show standard_conforming_strings
2020-06-26 19:30:55,150 sqlalchemy.engine.base.Engine - INFO:{}
2020-06-26 19:30:55,152 sqlalchemy.engine.base.Engine - INFO:select relname from pg_class c join pg_namespace n on n.oid=c.relnamespace where pg_catalog.pg_table_is_visible(c.oid) and relname=%(name)s
2020-06-26 19:30:55,152 sqlalchemy.engine.base.Engine - INFO:{'name': 'LogJournal'}
2020-06-26 19:30:59,283 logger.strlogger - DEBUG:hello
2020-06-26 19:30:59,284 logger.strlogger - ERROR:Exception, sorry: 
Traceback (most recent call last):
  File "/home/nikonikoni/work/application/api.py", line 159, in get
    c = a/b
ZeroDivisionError: division by zero
2020-06-26 19:30:59,300 sqlalchemy.engine.base.Engine - INFO:BEGIN (implicit)
2020-06-26 19:30:59,305 sqlalchemy.engine.base.Engine - INFO:INSERT INTO "LogJournal" (date, module_name, user_name, user_rights, function_name, function_description, function_result_type, message, traceback) VALUES (%(date)s, %(module_name)s, %(user_name)s, %(user_rights)s, %(function_name)s, %(function_description)s, %(function_result_type)s, %(message)s, %(traceback)s) RETURNING "LogJournal".id
2020-06-26 19:30:59,306 sqlalchemy.engine.base.Engine - INFO:{'date': datetime.datetime(2020, 6, 26, 19, 30, 55, 132157), 'module_name': None, 'user_name': None, 'user_rights': None, 'function_name': None, 'function_description': None, 'function_result_type': None, 'message': 'Код не обработан', 'traceback': None}
2020-06-26 19:30:59,308 sqlalchemy.engine.base.Engine - INFO:ROLLBACK
2020-06-26 19:31:20,741 sqlalchemy.engine.base.Engine - INFO:select version()
2020-06-26 19:31:20,741 sqlalchemy.engine.base.Engine - INFO:{}
2020-06-26 19:31:20,743 sqlalchemy.engine.base.Engine - INFO:select current_schema()
2020-06-26 19:31:20,743 sqlalchemy.engine.base.Engine - INFO:{}
2020-06-26 19:31:20,745 sqlalchemy.engine.base.Engine - INFO:SELECT CAST('test plain returns' AS VARCHAR(60)) AS anon_1
2020-06-26 19:31:20,745 sqlalchemy.engine.base.Engine - INFO:{}
2020-06-26 19:31:20,746 sqlalchemy.engine.base.Engine - INFO:SELECT CAST('test unicode returns' AS VARCHAR(60)) AS anon_1
2020-06-26 19:31:20,746 sqlalchemy.engine.base.Engine - INFO:{}
2020-06-26 19:31:20,747 sqlalchemy.engine.base.Engine - INFO:show standard_conforming_strings
2020-06-26 19:31:20,747 sqlalchemy.engine.base.Engine - INFO:{}
2020-06-26 19:31:20,749 sqlalchemy.engine.base.Engine - INFO:select relname from pg_class c join pg_namespace n on n.oid=c.relnamespace where pg_catalog.pg_table_is_visible(c.oid) and relname=%(name)s
2020-06-26 19:31:20,749 sqlalchemy.engine.base.Engine - INFO:{'name': 'LogJournal'}
2020-06-26 19:31:23,492 logger.strlogger - DEBUG:hello
2020-06-26 19:31:23,492 logger.strlogger - ERROR:Exception, sorry: 
Traceback (most recent call last):
  File "/home/nikonikoni/work/application/api.py", line 159, in get
    c = a/b
ZeroDivisionError: division by zero
2020-06-26 19:32:24,561 sqlalchemy.engine.base.Engine - INFO:select version()
2020-06-26 19:32:24,561 sqlalchemy.engine.base.Engine - INFO:{}
2020-06-26 19:32:24,564 sqlalchemy.engine.base.Engine - INFO:select current_schema()
2020-06-26 19:32:24,564 sqlalchemy.engine.base.Engine - INFO:{}
2020-06-26 19:32:24,565 sqlalchemy.engine.base.Engine - INFO:SELECT CAST('test plain returns' AS VARCHAR(60)) AS anon_1
2020-06-26 19:32:24,566 sqlalchemy.engine.base.Engine - INFO:{}
2020-06-26 19:32:24,566 sqlalchemy.engine.base.Engine - INFO:SELECT CAST('test unicode returns' AS VARCHAR(60)) AS anon_1
2020-06-26 19:32:24,567 sqlalchemy.engine.base.Engine - INFO:{}
2020-06-26 19:32:24,567 sqlalchemy.engine.base.Engine - INFO:show standard_conforming_strings
2020-06-26 19:32:24,567 sqlalchemy.engine.base.Engine - INFO:{}
2020-06-26 19:32:24,569 sqlalchemy.engine.base.Engine - INFO:select relname from pg_class c join pg_namespace n on n.oid=c.relnamespace where pg_catalog.pg_table_is_visible(c.oid) and relname=%(name)s
2020-06-26 19:32:24,570 sqlalchemy.engine.base.Engine - INFO:{'name': 'LogJournal'}
2020-06-26 19:32:27,999 logger.strlogger - DEBUG:hello
2020-06-26 19:32:27,999 logger.strlogger - ERROR:Exception, sorry: 
Traceback (most recent call last):
  File "/home/nikonikoni/work/application/api.py", line 159, in get
    c = a/b
ZeroDivisionError: division by zero
2020-06-26 19:33:08,464 sqlalchemy.engine.base.Engine - INFO:select version()
2020-06-26 19:33:08,464 sqlalchemy.engine.base.Engine - INFO:{}
2020-06-26 19:33:08,466 sqlalchemy.engine.base.Engine - INFO:select current_schema()
2020-06-26 19:33:08,467 sqlalchemy.engine.base.Engine - INFO:{}
2020-06-26 19:33:08,468 sqlalchemy.engine.base.Engine - INFO:SELECT CAST('test plain returns' AS VARCHAR(60)) AS anon_1
2020-06-26 19:33:08,468 sqlalchemy.engine.base.Engine - INFO:{}
2020-06-26 19:33:08,469 sqlalchemy.engine.base.Engine - INFO:SELECT CAST('test unicode returns' AS VARCHAR(60)) AS anon_1
2020-06-26 19:33:08,469 sqlalchemy.engine.base.Engine - INFO:{}
2020-06-26 19:33:08,469 sqlalchemy.engine.base.Engine - INFO:show standard_conforming_strings
2020-06-26 19:33:08,470 sqlalchemy.engine.base.Engine - INFO:{}
2020-06-26 19:33:08,472 sqlalchemy.engine.base.Engine - INFO:select relname from pg_class c join pg_namespace n on n.oid=c.relnamespace where pg_catalog.pg_table_is_visible(c.oid) and relname=%(name)s
2020-06-26 19:33:08,472 sqlalchemy.engine.base.Engine - INFO:{'name': 'LogJournal'}
2020-06-26 19:33:11,068 logger.strlogger - DEBUG:hello
2020-06-26 19:33:11,069 logger.strlogger - ERROR:Exception, sorry: 
Traceback (most recent call last):
  File "/home/nikonikoni/work/application/api.py", line 159, in get
    c = a/b
ZeroDivisionError: division by zero
2020-06-26 19:33:11,077 sqlalchemy.engine.base.Engine - INFO:BEGIN (implicit)
2020-06-26 19:33:11,081 sqlalchemy.engine.base.Engine - INFO:INSERT INTO "LogJournal" (date, module_name, user_name, user_rights, function_name, function_description, function_result_type, message, traceback) VALUES (%(date)s, %(module_name)s, %(user_name)s, %(user_rights)s, %(function_name)s, %(function_description)s, %(function_result_type)s, %(message)s, %(traceback)s) RETURNING "LogJournal".id
2020-06-26 19:33:11,082 sqlalchemy.engine.base.Engine - INFO:{'date': datetime.datetime(2020, 6, 26, 19, 33, 8, 448831), 'module_name': None, 'user_name': None, 'user_rights': None, 'function_name': None, 'function_description': None, 'function_result_type': None, 'message': 'Код не обработан', 'traceback': None}
2020-06-26 19:33:11,084 sqlalchemy.engine.base.Engine - INFO:ROLLBACK
2020-06-26 19:51:33,583 sqlalchemy.engine.base.Engine - INFO:select version()
2020-06-26 19:51:33,583 sqlalchemy.engine.base.Engine - INFO:{}
2020-06-26 19:51:33,585 sqlalchemy.engine.base.Engine - INFO:select current_schema()
2020-06-26 19:51:33,585 sqlalchemy.engine.base.Engine - INFO:{}
2020-06-26 19:51:33,586 sqlalchemy.engine.base.Engine - INFO:SELECT CAST('test plain returns' AS VARCHAR(60)) AS anon_1
2020-06-26 19:51:33,586 sqlalchemy.engine.base.Engine - INFO:{}
2020-06-26 19:51:33,587 sqlalchemy.engine.base.Engine - INFO:SELECT CAST('test unicode returns' AS VARCHAR(60)) AS anon_1
2020-06-26 19:51:33,587 sqlalchemy.engine.base.Engine - INFO:{}
2020-06-26 19:51:33,587 sqlalchemy.engine.base.Engine - INFO:show standard_conforming_strings
2020-06-26 19:51:33,588 sqlalchemy.engine.base.Engine - INFO:{}
2020-06-26 19:51:33,589 sqlalchemy.engine.base.Engine - INFO:select relname from pg_class c join pg_namespace n on n.oid=c.relnamespace where pg_catalog.pg_table_is_visible(c.oid) and relname=%(name)s
2020-06-26 19:51:33,589 sqlalchemy.engine.base.Engine - INFO:{'name': 'LogJournal'}
2020-06-26 19:51:41,485 logger.strlogger - DEBUG:hello
2020-06-26 19:51:41,485 logger.strlogger - ERROR:Exception, sorry: 
Traceback (most recent call last):
  File "/home/nikonikoni/work/application/api.py", line 159, in get
    c = a/b
ZeroDivisionError: division by zero
2020-06-26 19:52:20,411 sqlalchemy.engine.base.Engine - INFO:select version()
2020-06-26 19:52:20,411 sqlalchemy.engine.base.Engine - INFO:{}
2020-06-26 19:52:20,413 sqlalchemy.engine.base.Engine - INFO:select current_schema()
2020-06-26 19:52:20,413 sqlalchemy.engine.base.Engine - INFO:{}
2020-06-26 19:52:20,414 sqlalchemy.engine.base.Engine - INFO:SELECT CAST('test plain returns' AS VARCHAR(60)) AS anon_1
2020-06-26 19:52:20,414 sqlalchemy.engine.base.Engine - INFO:{}
2020-06-26 19:52:20,415 sqlalchemy.engine.base.Engine - INFO:SELECT CAST('test unicode returns' AS VARCHAR(60)) AS anon_1
2020-06-26 19:52:20,415 sqlalchemy.engine.base.Engine - INFO:{}
2020-06-26 19:52:20,416 sqlalchemy.engine.base.Engine - INFO:show standard_conforming_strings
2020-06-26 19:52:20,416 sqlalchemy.engine.base.Engine - INFO:{}
2020-06-26 19:52:20,418 sqlalchemy.engine.base.Engine - INFO:select relname from pg_class c join pg_namespace n on n.oid=c.relnamespace where pg_catalog.pg_table_is_visible(c.oid) and relname=%(name)s
2020-06-26 19:52:20,418 sqlalchemy.engine.base.Engine - INFO:{'name': 'LogJournal'}
2020-06-26 19:52:23,315 logger.strlogger - DEBUG:hello
2020-06-26 19:52:23,318 logger.strlogger - ERROR:Exception, sorry: 
Traceback (most recent call last):
  File "/home/nikonikoni/work/application/api.py", line 159, in get
    c = a/b
ZeroDivisionError: division by zero
2020-06-26 19:53:04,438 sqlalchemy.engine.base.Engine - INFO:select version()
2020-06-26 19:53:04,438 sqlalchemy.engine.base.Engine - INFO:{}
2020-06-26 19:53:04,440 sqlalchemy.engine.base.Engine - INFO:select current_schema()
2020-06-26 19:53:04,440 sqlalchemy.engine.base.Engine - INFO:{}
2020-06-26 19:53:04,441 sqlalchemy.engine.base.Engine - INFO:SELECT CAST('test plain returns' AS VARCHAR(60)) AS anon_1
2020-06-26 19:53:04,441 sqlalchemy.engine.base.Engine - INFO:{}
2020-06-26 19:53:04,442 sqlalchemy.engine.base.Engine - INFO:SELECT CAST('test unicode returns' AS VARCHAR(60)) AS anon_1
2020-06-26 19:53:04,442 sqlalchemy.engine.base.Engine - INFO:{}
2020-06-26 19:53:04,442 sqlalchemy.engine.base.Engine - INFO:show standard_conforming_strings
2020-06-26 19:53:04,442 sqlalchemy.engine.base.Engine - INFO:{}
2020-06-26 19:53:04,443 sqlalchemy.engine.base.Engine - INFO:select relname from pg_class c join pg_namespace n on n.oid=c.relnamespace where pg_catalog.pg_table_is_visible(c.oid) and relname=%(name)s
2020-06-26 19:53:04,444 sqlalchemy.engine.base.Engine - INFO:{'name': 'LogJournal'}
2020-06-26 19:54:02,240 logger.strlogger - DEBUG:hello
2020-06-26 19:54:02,240 logger.strlogger - ERROR:Exception, sorry: 
Traceback (most recent call last):
  File "/home/nikonikoni/work/application/api.py", line 159, in get
    c = a/b
ZeroDivisionError: division by zero
2020-06-26 19:54:45,458 sqlalchemy.engine.base.Engine - INFO:select version()
2020-06-26 19:54:45,459 sqlalchemy.engine.base.Engine - INFO:{}
2020-06-26 19:54:45,460 sqlalchemy.engine.base.Engine - INFO:select current_schema()
2020-06-26 19:54:45,460 sqlalchemy.engine.base.Engine - INFO:{}
2020-06-26 19:54:45,461 sqlalchemy.engine.base.Engine - INFO:SELECT CAST('test plain returns' AS VARCHAR(60)) AS anon_1
2020-06-26 19:54:45,461 sqlalchemy.engine.base.Engine - INFO:{}
2020-06-26 19:54:45,461 sqlalchemy.engine.base.Engine - INFO:SELECT CAST('test unicode returns' AS VARCHAR(60)) AS anon_1
2020-06-26 19:54:45,461 sqlalchemy.engine.base.Engine - INFO:{}
2020-06-26 19:54:45,462 sqlalchemy.engine.base.Engine - INFO:show standard_conforming_strings
2020-06-26 19:54:45,462 sqlalchemy.engine.base.Engine - INFO:{}
2020-06-26 19:54:45,463 sqlalchemy.engine.base.Engine - INFO:select relname from pg_class c join pg_namespace n on n.oid=c.relnamespace where pg_catalog.pg_table_is_visible(c.oid) and relname=%(name)s
2020-06-26 19:54:45,463 sqlalchemy.engine.base.Engine - INFO:{'name': 'LogJournal'}
2020-06-26 19:54:47,657 logger.strlogger - DEBUG:hello
2020-06-26 19:54:47,658 logger.strlogger - ERROR:Exception, sorry: 
Traceback (most recent call last):
  File "/home/nikonikoni/work/application/api.py", line 159, in get
    c = a/b
ZeroDivisionError: division by zero
2020-06-26 19:55:50,291 sqlalchemy.engine.base.Engine - INFO:select version()
2020-06-26 19:55:50,291 sqlalchemy.engine.base.Engine - INFO:{}
2020-06-26 19:55:50,293 sqlalchemy.engine.base.Engine - INFO:select current_schema()
2020-06-26 19:55:50,293 sqlalchemy.engine.base.Engine - INFO:{}
2020-06-26 19:55:50,294 sqlalchemy.engine.base.Engine - INFO:SELECT CAST('test plain returns' AS VARCHAR(60)) AS anon_1
2020-06-26 19:55:50,295 sqlalchemy.engine.base.Engine - INFO:{}
2020-06-26 19:55:50,295 sqlalchemy.engine.base.Engine - INFO:SELECT CAST('test unicode returns' AS VARCHAR(60)) AS anon_1
2020-06-26 19:55:50,295 sqlalchemy.engine.base.Engine - INFO:{}
2020-06-26 19:55:50,296 sqlalchemy.engine.base.Engine - INFO:show standard_conforming_strings
2020-06-26 19:55:50,296 sqlalchemy.engine.base.Engine - INFO:{}
2020-06-26 19:55:50,297 sqlalchemy.engine.base.Engine - INFO:select relname from pg_class c join pg_namespace n on n.oid=c.relnamespace where pg_catalog.pg_table_is_visible(c.oid) and relname=%(name)s
2020-06-26 19:55:50,298 sqlalchemy.engine.base.Engine - INFO:{'name': 'LogJournal'}
2020-06-26 19:55:52,685 logger.strlogger - DEBUG:hello
2020-06-26 19:55:52,685 logger.strlogger - ERROR:Exception, sorry: 
Traceback (most recent call last):
  File "/home/nikonikoni/work/application/api.py", line 159, in get
    c = a/b
ZeroDivisionError: division by zero
2020-06-26 19:56:32,751 sqlalchemy.engine.base.Engine - INFO:select version()
2020-06-26 19:56:32,751 sqlalchemy.engine.base.Engine - INFO:{}
2020-06-26 19:56:32,753 sqlalchemy.engine.base.Engine - INFO:select current_schema()
2020-06-26 19:56:32,753 sqlalchemy.engine.base.Engine - INFO:{}
2020-06-26 19:56:32,755 sqlalchemy.engine.base.Engine - INFO:SELECT CAST('test plain returns' AS VARCHAR(60)) AS anon_1
2020-06-26 19:56:32,755 sqlalchemy.engine.base.Engine - INFO:{}
2020-06-26 19:56:32,756 sqlalchemy.engine.base.Engine - INFO:SELECT CAST('test unicode returns' AS VARCHAR(60)) AS anon_1
2020-06-26 19:56:32,756 sqlalchemy.engine.base.Engine - INFO:{}
2020-06-26 19:56:32,756 sqlalchemy.engine.base.Engine - INFO:show standard_conforming_strings
2020-06-26 19:56:32,756 sqlalchemy.engine.base.Engine - INFO:{}
2020-06-26 19:56:32,758 sqlalchemy.engine.base.Engine - INFO:select relname from pg_class c join pg_namespace n on n.oid=c.relnamespace where pg_catalog.pg_table_is_visible(c.oid) and relname=%(name)s
2020-06-26 19:56:32,758 sqlalchemy.engine.base.Engine - INFO:{'name': 'LogJournal'}
2020-06-26 19:56:34,764 logger.strlogger - DEBUG:hello
2020-06-26 19:56:34,766 logger.strlogger - ERROR:Exception, sorry: 
Traceback (most recent call last):
  File "/home/nikonikoni/work/application/api.py", line 159, in get
    c = a/b
ZeroDivisionError: division by zero
2020-06-26 19:57:52,917 sqlalchemy.engine.base.Engine - INFO:select version()
2020-06-26 19:57:52,917 sqlalchemy.engine.base.Engine - INFO:{}
2020-06-26 19:57:52,919 sqlalchemy.engine.base.Engine - INFO:select current_schema()
2020-06-26 19:57:52,919 sqlalchemy.engine.base.Engine - INFO:{}
2020-06-26 19:57:52,921 sqlalchemy.engine.base.Engine - INFO:SELECT CAST('test plain returns' AS VARCHAR(60)) AS anon_1
2020-06-26 19:57:52,921 sqlalchemy.engine.base.Engine - INFO:{}
2020-06-26 19:57:52,922 sqlalchemy.engine.base.Engine - INFO:SELECT CAST('test unicode returns' AS VARCHAR(60)) AS anon_1
2020-06-26 19:57:52,922 sqlalchemy.engine.base.Engine - INFO:{}
2020-06-26 19:57:52,922 sqlalchemy.engine.base.Engine - INFO:show standard_conforming_strings
2020-06-26 19:57:52,923 sqlalchemy.engine.base.Engine - INFO:{}
2020-06-26 19:57:52,924 sqlalchemy.engine.base.Engine - INFO:select relname from pg_class c join pg_namespace n on n.oid=c.relnamespace where pg_catalog.pg_table_is_visible(c.oid) and relname=%(name)s
2020-06-26 19:57:52,925 sqlalchemy.engine.base.Engine - INFO:{'name': 'LogJournal'}
2020-06-26 19:57:55,498 logger.strlogger - DEBUG:hello
2020-06-26 19:57:55,498 logger.strlogger - ERROR:Exception, sorry: 
Traceback (most recent call last):
  File "/home/nikonikoni/work/application/api.py", line 159, in get
    c = a/b
ZeroDivisionError: division by zero
2020-06-26 19:58:35,026 sqlalchemy.engine.base.Engine - INFO:select version()
2020-06-26 19:58:35,027 sqlalchemy.engine.base.Engine - INFO:{}
2020-06-26 19:58:35,028 sqlalchemy.engine.base.Engine - INFO:select current_schema()
2020-06-26 19:58:35,028 sqlalchemy.engine.base.Engine - INFO:{}
2020-06-26 19:58:35,030 sqlalchemy.engine.base.Engine - INFO:SELECT CAST('test plain returns' AS VARCHAR(60)) AS anon_1
2020-06-26 19:58:35,030 sqlalchemy.engine.base.Engine - INFO:{}
2020-06-26 19:58:35,030 sqlalchemy.engine.base.Engine - INFO:SELECT CAST('test unicode returns' AS VARCHAR(60)) AS anon_1
2020-06-26 19:58:35,030 sqlalchemy.engine.base.Engine - INFO:{}
2020-06-26 19:58:35,031 sqlalchemy.engine.base.Engine - INFO:show standard_conforming_strings
2020-06-26 19:58:35,031 sqlalchemy.engine.base.Engine - INFO:{}
2020-06-26 19:58:35,032 sqlalchemy.engine.base.Engine - INFO:select relname from pg_class c join pg_namespace n on n.oid=c.relnamespace where pg_catalog.pg_table_is_visible(c.oid) and relname=%(name)s
2020-06-26 19:58:35,032 sqlalchemy.engine.base.Engine - INFO:{'name': 'LogJournal'}
2020-06-26 19:58:37,324 logger.strlogger - DEBUG:hello
2020-06-26 19:58:37,325 logger.strlogger - ERROR:Exception, sorry: 
Traceback (most recent call last):
  File "/home/nikonikoni/work/application/api.py", line 159, in get
    c = a/b
ZeroDivisionError: division by zero
2020-06-26 19:59:16,980 sqlalchemy.engine.base.Engine - INFO:select version()
2020-06-26 19:59:16,981 sqlalchemy.engine.base.Engine - INFO:{}
2020-06-26 19:59:16,983 sqlalchemy.engine.base.Engine - INFO:select current_schema()
2020-06-26 19:59:16,983 sqlalchemy.engine.base.Engine - INFO:{}
2020-06-26 19:59:16,984 sqlalchemy.engine.base.Engine - INFO:SELECT CAST('test plain returns' AS VARCHAR(60)) AS anon_1
2020-06-26 19:59:16,984 sqlalchemy.engine.base.Engine - INFO:{}
2020-06-26 19:59:16,985 sqlalchemy.engine.base.Engine - INFO:SELECT CAST('test unicode returns' AS VARCHAR(60)) AS anon_1
2020-06-26 19:59:16,985 sqlalchemy.engine.base.Engine - INFO:{}
2020-06-26 19:59:16,986 sqlalchemy.engine.base.Engine - INFO:show standard_conforming_strings
2020-06-26 19:59:16,986 sqlalchemy.engine.base.Engine - INFO:{}
2020-06-26 19:59:16,988 sqlalchemy.engine.base.Engine - INFO:select relname from pg_class c join pg_namespace n on n.oid=c.relnamespace where pg_catalog.pg_table_is_visible(c.oid) and relname=%(name)s
2020-06-26 19:59:16,988 sqlalchemy.engine.base.Engine - INFO:{'name': 'LogJournal'}
2020-06-26 19:59:44,808 sqlalchemy.engine.base.Engine - INFO:select version()
2020-06-26 19:59:44,808 sqlalchemy.engine.base.Engine - INFO:{}
2020-06-26 19:59:44,810 sqlalchemy.engine.base.Engine - INFO:select current_schema()
2020-06-26 19:59:44,810 sqlalchemy.engine.base.Engine - INFO:{}
2020-06-26 19:59:44,811 sqlalchemy.engine.base.Engine - INFO:SELECT CAST('test plain returns' AS VARCHAR(60)) AS anon_1
2020-06-26 19:59:44,811 sqlalchemy.engine.base.Engine - INFO:{}
2020-06-26 19:59:44,812 sqlalchemy.engine.base.Engine - INFO:SELECT CAST('test unicode returns' AS VARCHAR(60)) AS anon_1
2020-06-26 19:59:44,812 sqlalchemy.engine.base.Engine - INFO:{}
2020-06-26 19:59:44,813 sqlalchemy.engine.base.Engine - INFO:show standard_conforming_strings
2020-06-26 19:59:44,813 sqlalchemy.engine.base.Engine - INFO:{}
2020-06-26 19:59:44,814 sqlalchemy.engine.base.Engine - INFO:select relname from pg_class c join pg_namespace n on n.oid=c.relnamespace where pg_catalog.pg_table_is_visible(c.oid) and relname=%(name)s
2020-06-26 19:59:44,814 sqlalchemy.engine.base.Engine - INFO:{'name': 'LogJournal'}
2020-06-26 19:59:47,419 logger.strlogger - DEBUG:hello
2020-06-26 19:59:47,420 logger.strlogger - ERROR:Exception, sorry: 
Traceback (most recent call last):
  File "/home/nikonikoni/work/application/api.py", line 159, in get
    c = a/b
ZeroDivisionError: division by zero
2020-06-26 20:00:01,040 sqlalchemy.engine.base.Engine - INFO:select version()
2020-06-26 20:00:01,040 sqlalchemy.engine.base.Engine - INFO:{}
2020-06-26 20:00:01,042 sqlalchemy.engine.base.Engine - INFO:select current_schema()
2020-06-26 20:00:01,042 sqlalchemy.engine.base.Engine - INFO:{}
2020-06-26 20:00:01,044 sqlalchemy.engine.base.Engine - INFO:SELECT CAST('test plain returns' AS VARCHAR(60)) AS anon_1
2020-06-26 20:00:01,044 sqlalchemy.engine.base.Engine - INFO:{}
2020-06-26 20:00:01,045 sqlalchemy.engine.base.Engine - INFO:SELECT CAST('test unicode returns' AS VARCHAR(60)) AS anon_1
2020-06-26 20:00:01,045 sqlalchemy.engine.base.Engine - INFO:{}
2020-06-26 20:00:01,045 sqlalchemy.engine.base.Engine - INFO:show standard_conforming_strings
2020-06-26 20:00:01,046 sqlalchemy.engine.base.Engine - INFO:{}
2020-06-26 20:00:01,048 sqlalchemy.engine.base.Engine - INFO:select relname from pg_class c join pg_namespace n on n.oid=c.relnamespace where pg_catalog.pg_table_is_visible(c.oid) and relname=%(name)s
2020-06-26 20:00:01,048 sqlalchemy.engine.base.Engine - INFO:{'name': 'LogJournal'}
2020-06-26 20:00:03,201 logger.strlogger - DEBUG:hello
2020-06-26 20:00:03,201 logger.strlogger - ERROR:Exception, sorry: 
Traceback (most recent call last):
  File "/home/nikonikoni/work/application/api.py", line 159, in get
    c = a/b
ZeroDivisionError: division by zero
2020-06-26 20:00:33,457 sqlalchemy.engine.base.Engine - INFO:select version()
2020-06-26 20:00:33,457 sqlalchemy.engine.base.Engine - INFO:{}
2020-06-26 20:00:33,459 sqlalchemy.engine.base.Engine - INFO:select current_schema()
2020-06-26 20:00:33,459 sqlalchemy.engine.base.Engine - INFO:{}
2020-06-26 20:00:33,461 sqlalchemy.engine.base.Engine - INFO:SELECT CAST('test plain returns' AS VARCHAR(60)) AS anon_1
2020-06-26 20:00:33,461 sqlalchemy.engine.base.Engine - INFO:{}
2020-06-26 20:00:33,462 sqlalchemy.engine.base.Engine - INFO:SELECT CAST('test unicode returns' AS VARCHAR(60)) AS anon_1
2020-06-26 20:00:33,462 sqlalchemy.engine.base.Engine - INFO:{}
2020-06-26 20:00:33,462 sqlalchemy.engine.base.Engine - INFO:show standard_conforming_strings
2020-06-26 20:00:33,462 sqlalchemy.engine.base.Engine - INFO:{}
2020-06-26 20:00:33,464 sqlalchemy.engine.base.Engine - INFO:select relname from pg_class c join pg_namespace n on n.oid=c.relnamespace where pg_catalog.pg_table_is_visible(c.oid) and relname=%(name)s
2020-06-26 20:00:33,464 sqlalchemy.engine.base.Engine - INFO:{'name': 'LogJournal'}
2020-06-26 20:00:35,472 logger.strlogger - DEBUG:hello
2020-06-26 20:00:35,473 logger.strlogger - ERROR:Exception, sorry: 
Traceback (most recent call last):
  File "/home/nikonikoni/work/application/api.py", line 159, in get
    c = a/b
ZeroDivisionError: division by zero
2020-06-26 20:01:08,538 sqlalchemy.engine.base.Engine - INFO:select version()
2020-06-26 20:01:08,538 sqlalchemy.engine.base.Engine - INFO:{}
2020-06-26 20:01:08,540 sqlalchemy.engine.base.Engine - INFO:select current_schema()
2020-06-26 20:01:08,540 sqlalchemy.engine.base.Engine - INFO:{}
2020-06-26 20:01:08,541 sqlalchemy.engine.base.Engine - INFO:SELECT CAST('test plain returns' AS VARCHAR(60)) AS anon_1
2020-06-26 20:01:08,541 sqlalchemy.engine.base.Engine - INFO:{}
2020-06-26 20:01:08,542 sqlalchemy.engine.base.Engine - INFO:SELECT CAST('test unicode returns' AS VARCHAR(60)) AS anon_1
2020-06-26 20:01:08,542 sqlalchemy.engine.base.Engine - INFO:{}
2020-06-26 20:01:08,543 sqlalchemy.engine.base.Engine - INFO:show standard_conforming_strings
2020-06-26 20:01:08,543 sqlalchemy.engine.base.Engine - INFO:{}
2020-06-26 20:01:08,545 sqlalchemy.engine.base.Engine - INFO:select relname from pg_class c join pg_namespace n on n.oid=c.relnamespace where pg_catalog.pg_table_is_visible(c.oid) and relname=%(name)s
2020-06-26 20:01:08,545 sqlalchemy.engine.base.Engine - INFO:{'name': 'LogJournal'}
2020-06-26 20:01:10,804 logger.strlogger - DEBUG:hello
2020-06-26 20:01:10,804 logger.strlogger - ERROR:Exception, sorry: 
Traceback (most recent call last):
  File "/home/nikonikoni/work/application/api.py", line 159, in get
    c = a/b
ZeroDivisionError: division by zero
2020-06-26 20:21:06,477 sqlalchemy.engine.base.Engine - INFO:select version()
2020-06-26 20:21:06,477 sqlalchemy.engine.base.Engine - INFO:{}
2020-06-26 20:21:06,479 sqlalchemy.engine.base.Engine - INFO:select current_schema()
2020-06-26 20:21:06,479 sqlalchemy.engine.base.Engine - INFO:{}
2020-06-26 20:21:06,481 sqlalchemy.engine.base.Engine - INFO:SELECT CAST('test plain returns' AS VARCHAR(60)) AS anon_1
2020-06-26 20:21:06,481 sqlalchemy.engine.base.Engine - INFO:{}
2020-06-26 20:21:06,482 sqlalchemy.engine.base.Engine - INFO:SELECT CAST('test unicode returns' AS VARCHAR(60)) AS anon_1
2020-06-26 20:21:06,482 sqlalchemy.engine.base.Engine - INFO:{}
2020-06-26 20:21:06,482 sqlalchemy.engine.base.Engine - INFO:show standard_conforming_strings
2020-06-26 20:21:06,482 sqlalchemy.engine.base.Engine - INFO:{}
2020-06-26 20:21:06,484 sqlalchemy.engine.base.Engine - INFO:select relname from pg_class c join pg_namespace n on n.oid=c.relnamespace where pg_catalog.pg_table_is_visible(c.oid) and relname=%(name)s
2020-06-26 20:21:06,485 sqlalchemy.engine.base.Engine - INFO:{'name': 'LogJournal'}
2020-06-26 20:21:09,036 logger.strlogger - DEBUG:hello
2020-06-26 20:21:09,037 logger.strlogger - ERROR:Exception, sorry: 
Traceback (most recent call last):
  File "/home/nikonikoni/work/application/api.py", line 159, in get
    c = a/b
ZeroDivisionError: division by zero
2020-06-26 20:21:27,584 sqlalchemy.engine.base.Engine - INFO:select version()
2020-06-26 20:21:27,584 sqlalchemy.engine.base.Engine - INFO:{}
2020-06-26 20:21:27,586 sqlalchemy.engine.base.Engine - INFO:select current_schema()
2020-06-26 20:21:27,586 sqlalchemy.engine.base.Engine - INFO:{}
2020-06-26 20:21:27,587 sqlalchemy.engine.base.Engine - INFO:SELECT CAST('test plain returns' AS VARCHAR(60)) AS anon_1
2020-06-26 20:21:27,587 sqlalchemy.engine.base.Engine - INFO:{}
2020-06-26 20:21:27,588 sqlalchemy.engine.base.Engine - INFO:SELECT CAST('test unicode returns' AS VARCHAR(60)) AS anon_1
2020-06-26 20:21:27,588 sqlalchemy.engine.base.Engine - INFO:{}
2020-06-26 20:21:27,588 sqlalchemy.engine.base.Engine - INFO:show standard_conforming_strings
2020-06-26 20:21:27,588 sqlalchemy.engine.base.Engine - INFO:{}
2020-06-26 20:21:27,589 sqlalchemy.engine.base.Engine - INFO:select relname from pg_class c join pg_namespace n on n.oid=c.relnamespace where pg_catalog.pg_table_is_visible(c.oid) and relname=%(name)s
2020-06-26 20:21:27,590 sqlalchemy.engine.base.Engine - INFO:{'name': 'LogJournal'}
2020-06-26 20:21:29,521 logger.strlogger - DEBUG:hello
2020-06-26 20:21:29,521 logger.strlogger - ERROR:Exception, sorry: 
Traceback (most recent call last):
  File "/home/nikonikoni/work/application/api.py", line 159, in get
    c = a/b
ZeroDivisionError: division by zero
2020-06-26 20:22:23,094 sqlalchemy.engine.base.Engine - INFO:select version()
2020-06-26 20:22:23,094 sqlalchemy.engine.base.Engine - INFO:{}
2020-06-26 20:22:23,096 sqlalchemy.engine.base.Engine - INFO:select current_schema()
2020-06-26 20:22:23,096 sqlalchemy.engine.base.Engine - INFO:{}
2020-06-26 20:22:23,097 sqlalchemy.engine.base.Engine - INFO:SELECT CAST('test plain returns' AS VARCHAR(60)) AS anon_1
2020-06-26 20:22:23,097 sqlalchemy.engine.base.Engine - INFO:{}
2020-06-26 20:22:23,098 sqlalchemy.engine.base.Engine - INFO:SELECT CAST('test unicode returns' AS VARCHAR(60)) AS anon_1
2020-06-26 20:22:23,098 sqlalchemy.engine.base.Engine - INFO:{}
2020-06-26 20:22:23,098 sqlalchemy.engine.base.Engine - INFO:show standard_conforming_strings
2020-06-26 20:22:23,098 sqlalchemy.engine.base.Engine - INFO:{}
2020-06-26 20:22:23,099 sqlalchemy.engine.base.Engine - INFO:select relname from pg_class c join pg_namespace n on n.oid=c.relnamespace where pg_catalog.pg_table_is_visible(c.oid) and relname=%(name)s
2020-06-26 20:22:23,099 sqlalchemy.engine.base.Engine - INFO:{'name': 'LogJournal'}
2020-06-26 20:22:25,133 logger.strlogger - DEBUG:hello
2020-06-26 20:22:25,133 logger.strlogger - ERROR:Exception, sorry: 
Traceback (most recent call last):
  File "/home/nikonikoni/work/application/api.py", line 159, in get
    c = a/b
ZeroDivisionError: division by zero
2020-06-26 20:23:12,996 sqlalchemy.engine.base.Engine - INFO:select version()
2020-06-26 20:23:12,996 sqlalchemy.engine.base.Engine - INFO:{}
2020-06-26 20:23:12,998 sqlalchemy.engine.base.Engine - INFO:select current_schema()
2020-06-26 20:23:12,998 sqlalchemy.engine.base.Engine - INFO:{}
2020-06-26 20:23:12,999 sqlalchemy.engine.base.Engine - INFO:SELECT CAST('test plain returns' AS VARCHAR(60)) AS anon_1
2020-06-26 20:23:12,999 sqlalchemy.engine.base.Engine - INFO:{}
2020-06-26 20:23:13,000 sqlalchemy.engine.base.Engine - INFO:SELECT CAST('test unicode returns' AS VARCHAR(60)) AS anon_1
2020-06-26 20:23:13,000 sqlalchemy.engine.base.Engine - INFO:{}
2020-06-26 20:23:13,001 sqlalchemy.engine.base.Engine - INFO:show standard_conforming_strings
2020-06-26 20:23:13,001 sqlalchemy.engine.base.Engine - INFO:{}
2020-06-26 20:23:13,002 sqlalchemy.engine.base.Engine - INFO:select relname from pg_class c join pg_namespace n on n.oid=c.relnamespace where pg_catalog.pg_table_is_visible(c.oid) and relname=%(name)s
2020-06-26 20:23:13,003 sqlalchemy.engine.base.Engine - INFO:{'name': 'LogJournal'}
2020-06-26 20:23:15,175 logger.strlogger - DEBUG:hello
2020-06-26 20:23:15,175 logger.strlogger - ERROR:Exception, sorry: 
Traceback (most recent call last):
  File "/home/nikonikoni/work/application/api.py", line 159, in get
    c = a/b
ZeroDivisionError: division by zero
2020-06-26 20:24:15,286 sqlalchemy.engine.base.Engine - INFO:select version()
2020-06-26 20:24:15,287 sqlalchemy.engine.base.Engine - INFO:{}
2020-06-26 20:24:15,288 sqlalchemy.engine.base.Engine - INFO:select current_schema()
2020-06-26 20:24:15,288 sqlalchemy.engine.base.Engine - INFO:{}
2020-06-26 20:24:15,289 sqlalchemy.engine.base.Engine - INFO:SELECT CAST('test plain returns' AS VARCHAR(60)) AS anon_1
2020-06-26 20:24:15,290 sqlalchemy.engine.base.Engine - INFO:{}
2020-06-26 20:24:15,290 sqlalchemy.engine.base.Engine - INFO:SELECT CAST('test unicode returns' AS VARCHAR(60)) AS anon_1
2020-06-26 20:24:15,290 sqlalchemy.engine.base.Engine - INFO:{}
2020-06-26 20:24:15,291 sqlalchemy.engine.base.Engine - INFO:show standard_conforming_strings
2020-06-26 20:24:15,291 sqlalchemy.engine.base.Engine - INFO:{}
2020-06-26 20:24:15,293 sqlalchemy.engine.base.Engine - INFO:select relname from pg_class c join pg_namespace n on n.oid=c.relnamespace where pg_catalog.pg_table_is_visible(c.oid) and relname=%(name)s
2020-06-26 20:24:15,293 sqlalchemy.engine.base.Engine - INFO:{'name': 'LogJournal'}
2020-06-26 20:24:17,953 logger.strlogger - DEBUG:hello
2020-06-26 20:24:17,953 logger.strlogger - ERROR:Exception, sorry: 
Traceback (most recent call last):
  File "/home/nikonikoni/work/application/api.py", line 159, in get
    c = a/b
ZeroDivisionError: division by zero
2020-06-26 20:24:38,508 sqlalchemy.engine.base.Engine - INFO:select version()
2020-06-26 20:24:38,508 sqlalchemy.engine.base.Engine - INFO:{}
2020-06-26 20:24:38,510 sqlalchemy.engine.base.Engine - INFO:select current_schema()
2020-06-26 20:24:38,510 sqlalchemy.engine.base.Engine - INFO:{}
2020-06-26 20:24:38,512 sqlalchemy.engine.base.Engine - INFO:SELECT CAST('test plain returns' AS VARCHAR(60)) AS anon_1
2020-06-26 20:24:38,512 sqlalchemy.engine.base.Engine - INFO:{}
2020-06-26 20:24:38,513 sqlalchemy.engine.base.Engine - INFO:SELECT CAST('test unicode returns' AS VARCHAR(60)) AS anon_1
2020-06-26 20:24:38,513 sqlalchemy.engine.base.Engine - INFO:{}
2020-06-26 20:24:38,513 sqlalchemy.engine.base.Engine - INFO:show standard_conforming_strings
2020-06-26 20:24:38,513 sqlalchemy.engine.base.Engine - INFO:{}
2020-06-26 20:24:38,515 sqlalchemy.engine.base.Engine - INFO:select relname from pg_class c join pg_namespace n on n.oid=c.relnamespace where pg_catalog.pg_table_is_visible(c.oid) and relname=%(name)s
2020-06-26 20:24:38,515 sqlalchemy.engine.base.Engine - INFO:{'name': 'LogJournal'}
2020-06-26 20:24:40,312 logger.strlogger - DEBUG:hello
2020-06-26 20:24:40,313 logger.strlogger - ERROR:Exception, sorry: 
Traceback (most recent call last):
  File "/home/nikonikoni/work/application/api.py", line 159, in get
    c = a/b
ZeroDivisionError: division by zero
2020-06-26 20:24:40,339 sqlalchemy.engine.base.Engine - INFO:BEGIN (implicit)
2020-06-26 20:24:40,352 sqlalchemy.engine.base.Engine - INFO:INSERT INTO "LogJournal" (date, module_name, user_name, user_rights, function_name, function_description, function_result_type, message, traceback) VALUES (%(date)s, %(module_name)s, %(user_name)s, %(user_rights)s, %(function_name)s, %(function_description)s, %(function_result_type)s, %(message)s, %(traceback)s) RETURNING "LogJournal".id
2020-06-26 20:24:40,354 sqlalchemy.engine.base.Engine - INFO:{'date': '26/06/2020 20:24:40', 'module_name': 'api', 'user_name': 'Nikolay Shvets', 'user_rights': 'Admin', 'function_name': 'get', 'function_description': 'Возрващает запись таблицы "tasks" в соответсвии переданному индексу :param id: индекс записи в таблице "tasks" :return: "some returned type" :exception: Несущетвующий id Низкий уровень прав доступа ', 'function_result_type': "<class 'tuple'>", 'message': "it's ok", 'traceback': None}
2020-06-26 20:24:40,357 sqlalchemy.engine.base.Engine - INFO:COMMIT
2020-06-26 20:26:03,902 logger.strlogger - DEBUG:hello
2020-06-26 20:26:03,902 logger.strlogger - ERROR:Exception, sorry: 
Traceback (most recent call last):
  File "/home/nikonikoni/work/application/api.py", line 159, in get
    c = a/b
ZeroDivisionError: division by zero
2020-06-26 20:26:28,019 logger.strlogger - DEBUG:hello
2020-06-26 20:26:28,019 logger.strlogger - ERROR:Exception, sorry: 
Traceback (most recent call last):
  File "/home/nikonikoni/work/application/api.py", line 159, in get
    c = a/b
ZeroDivisionError: division by zero
2020-06-26 20:33:32,787 logger.strlogger - DEBUG:hello
2020-06-26 20:38:40,233 logger.strlogger - DEBUG:hello
2020-06-26 20:38:40,233 logger.strlogger - INFO:hello
2020-06-26 20:38:40,234 logger.strlogger - WARNING:hello
2020-06-26 20:38:40,234 logger.strlogger - ERROR:hello
2020-06-26 20:38:40,234 logger.strlogger - CRITICAL:hello
2020-06-26 20:39:21,022 logger.strlogger - DEBUG:hello
2020-06-26 20:39:21,022 logger.strlogger - INFO:hello
2020-06-26 20:39:21,022 logger.strlogger - WARNING:hello
2020-06-26 20:39:21,023 logger.strlogger - ERROR:hello
2020-06-26 20:39:21,023 logger.strlogger - CRITICAL:hello
2020-06-26 20:39:21,023 logger.strlogger - ERROR:Exception, sorry: 
Traceback (most recent call last):
  File "/home/nikonikoni/work/application/api.py", line 163, in get
    c = a/b
ZeroDivisionError: division by zero
